#
# A fatal error has been detected by the Java Runtime Environment:
#
#  EXCEPTION_ACCESS_VIOLATION (0xc0000005) at pc=0x00000000, pid=1200, tid=2332
#
# JRE version: 7.0_17-b02
# Java VM: Java HotSpot(TM) Client VM (23.7-b01 mixed mode windows-x86 )
# Problematic frame:
# C  0x00000000
#
# Failed to write core dump. Minidumps are not enabled by default on client versions of Windows
#
# If you would like to submit a bug report, please visit:
#   http://bugreport.sun.com/bugreport/crash.jsp
#

---------------  T H R E A D  ---------------

Current thread (0x013fb400):  JavaThread "main" [_thread_in_Java, id=2332, stack(0x01cf0000,0x41cf0000)]

siginfo: ExceptionCode=0xc0000005, ExceptionInformation=0x00000008 0x00000000

Registers:
EAX=0x04000000, EBX=0x53cfdd70, ECX=0x43cf0da0, EDX=0x0c800001
ESP=0x41cef120, EBP=0x41cef148, ESI=0x41cef124, EDI=0x41cef14c
EIP=0x00000000, EFLAGS=0x00010216

Top of Stack: (sp=0x41cef120)
0x41cef120:   41cf353b 43cf0da0 41cef128 53d08143
0x41cef130:   41cef14c 53d61520 00000000 53d08180
0x41cef140:   41cef124 41cef150 41cef160 41cf03d7
0x41cef150:   00001f80 41cf0372 013fb400 53d08180
0x41cef160:   41cef1dc 0197a34a 41cef194 41cef268
0x41cef170:   0000000a 53d08180 41cf98c0 41cef274
0x41cef180:   00000000 013fb400 53d08180 013fb400
0x41cef190:   013fb400 013fb400 59af7938 53d08180 

Instructions: (pc=0x00000000)
0xffffffe0:   


Register to memory mapping:

EAX=0x04000000 is pointing into the stack for thread: 0x013fb400
EBX=0x53cfdd70 is an oop
{method} 
 - klass: {other class}
ECX=0x43cf0da0 is an oop
java.lang.Class 
 - klass: 'java/lang/Class'
EDX=0x0c800001 is pointing into the stack for thread: 0x013fb400
ESP=0x41cef120 is pointing into the stack for thread: 0x013fb400
EBP=0x41cef148 is pointing into the stack for thread: 0x013fb400
ESI=0x41cef124 is pointing into the stack for thread: 0x013fb400
EDI=0x41cef14c is pointing into the stack for thread: 0x013fb400


Stack: [0x01cf0000,0x41cf0000],  sp=0x41cef120,  free space=1048572k

---------------  P R O C E S S  ---------------

Java Threads: ( => current thread )
=>0x013fb400 JavaThread "main" [_thread_in_Java, id=2332, stack(0x01cf0000,0x41cf0000)]

Other Threads:
  0x59af5c00 VMThread [stack: 0x59d80000,0x59dd0000] [id=7088]

VM state:not at safepoint (normal execution)

VM Mutex/Monitor currently owned by a thread: None

Heap
 def new generation   total 4928K, used 88K [0x43cf0000, 0x44240000, 0x49240000)
  eden space 4416K,   2% used [0x43cf0000, 0x43d061b8, 0x44140000)
  from space 512K,   0% used [0x44140000, 0x44140000, 0x441c0000)
  to   space 512K,   0% used [0x441c0000, 0x441c0000, 0x44240000)
 tenured generation   total 10944K, used 0K [0x49240000, 0x49cf0000, 0x53cf0000)
   the space 10944K,   0% used [0x49240000, 0x49240000, 0x49240200, 0x49cf0000)
 compacting perm gen  total 12288K, used 535K [0x53cf0000, 0x548f0000, 0x57cf0000)
   the space 12288K,   4% used [0x53cf0000, 0x53d75dd8, 0x53d75e00, 0x548f0000)
No shared spaces configured.

Card table byte_map: [0x01ba0000,0x01c50000] byte_map_base: 0x01981880

Polling page: 0x001e0000

Code Cache  [0x41cf0000, 0x41d38000, 0x43cf0000)
 total_blobs=41 nmethods=0 adapters=18 free_code_cache=32498Kb largest_free_block=33278592

Compilation events (0 events):
No events

GC Heap History (0 events):
No events

Deoptimization events (0 events):
No events

Internal exceptions (0 events):
No events

Events (10 events):
Event: 0.183 loading class 0x012f4d60 done
Event: 0.183 loading class 0x01314030 done
Event: 0.184 loading class 0x013ae318
Event: 0.184 loading class 0x013ae318 done
Event: 0.185 loading class 0x013a72b0
Event: 0.186 loading class 0x013a72b0 done
Event: 0.186 loading class 0x013b2008
Event: 0.186 loading class 0x013b2008 done
Event: 0.186 loading class 0x013ac4e0
Event: 0.187 loading class 0x013ac4e0 done


Dynamic libraries:
0x00310000 - 0x0033f000 	C:\Program Files\Java\jdk1.7.0_17\bin\java.exe
0x76dc0000 - 0x76efc000 	C:\windows\SYSTEM32\ntdll.dll
0x6e0e0000 - 0x6e11c000 	C:\Program Files\AVAST Software\Avast\snxhk.dll
0x76ce0000 - 0x76db4000 	C:\windows\system32\KERNEL32.dll
0x751d0000 - 0x7521b000 	C:\windows\system32\KERNELBASE.dll
0x76c40000 - 0x76ce0000 	C:\windows\system32\ADVAPI32.dll
0x76f40000 - 0x76fec000 	C:\windows\system32\msvcrt.dll
0x76f20000 - 0x76f39000 	C:\windows\SYSTEM32\sechost.dll
0x75280000 - 0x75321000 	C:\windows\system32\RPCRT4.dll
0x76b30000 - 0x76bf9000 	C:\windows\system32\USER32.dll
0x76790000 - 0x767de000 	C:\windows\system32\GDI32.dll
0x76140000 - 0x7614a000 	C:\windows\system32\LPK.dll
0x75450000 - 0x754ed000 	C:\windows\system32\USP10.dll
0x748d0000 - 0x74a6e000 	C:\windows\WinSxS\x86_microsoft.windows.common-controls_6595b64144ccf1df_6.0.7601.17514_none_41e6975e2bd6f2b2\COMCTL32.dll
0x76730000 - 0x76787000 	C:\windows\system32\SHLWAPI.dll
0x76f00000 - 0x76f1f000 	C:\windows\system32\IMM32.DLL
0x767e0000 - 0x768ac000 	C:\windows\system32\MSCTF.dll
0x63a60000 - 0x63b1e000 	C:\Program Files\Java\jdk1.7.0_17\jre\bin\msvcr100.dll
0x01850000 - 0x01b9c000 	C:\Program Files\Java\jdk1.7.0_17\jre\bin\client\jvm.dll
0x726d0000 - 0x726d7000 	C:\windows\system32\WSOCK32.dll
0x76c00000 - 0x76c35000 	C:\windows\system32\WS2_32.dll
0x763a0000 - 0x763a6000 	C:\windows\system32\NSI.dll
0x741c0000 - 0x741f2000 	C:\windows\system32\WINMM.dll
0x76930000 - 0x76935000 	C:\windows\system32\PSAPI.DLL
0x74710000 - 0x7471c000 	C:\Program Files\Java\jdk1.7.0_17\jre\bin\verify.dll
0x720f0000 - 0x72110000 	C:\Program Files\Java\jdk1.7.0_17\jre\bin\java.dll
0x71d40000 - 0x71d53000 	C:\Program Files\Java\jdk1.7.0_17\jre\bin\zip.dll
0x73f30000 - 0x7401b000 	C:\windows\system32\dbghelp.dll

VM Arguments:
jvm_args: -Xss1024m -Didea.launcher.port=7535 -Didea.launcher.bin.path=C:\Program Files\JetBrains\IntelliJ IDEA Community Edition 12.0\bin -Dfile.encoding=UTF-8 
java_command: com.intellij.rt.execution.application.AppMain anaydis.sort.tp4.Test
Launcher Type: SUN_STANDARD

Environment Variables:
CLASSPATH=.;.;C:\PROGRA~1\JMF21~1.1E\lib\sound.jar;C:\PROGRA~1\JMF21~1.1E\lib\jmf.jar;C:\PROGRA~1\JMF21~1.1E\lib;
PATH=C:\Program Files\JetBrains\IntelliJ IDEA Community Edition 12.0\bin\..\.\bin;C:\Program Files\Common Files\Microsoft Shared\Windows Live;C:\windows\system32;C:\windows;C:\windows\System32\Wbem;C:\windows\System32\WindowsPowerShell\v1.0\;C:\Program Files\Windows Live\Shared;c:\program files\jetbrains\intellij idea community edition 12.0\jre\jre\bin
USERNAME=Manu
OS=Windows_NT
PROCESSOR_IDENTIFIER=x86 Family 6 Model 54 Stepping 1, GenuineIntel



---------------  S Y S T E M  ---------------

OS: Windows 7 Build 7601 Service Pack 1

CPU:total 4 (2 cores per cpu, 2 threads per core) family 6 model 54 stepping 1, cmov, cx8, fxsr, mmx, sse, sse2, sse3, ssse3, ht, tsc, tscinvbit

Memory: 4k page, physical 2057072k(546668k free), swap 4114144k(947288k free)

vm_info: Java HotSpot(TM) Client VM (23.7-b01) for windows-x86 JRE (1.7.0_17-b02), built on Mar  1 2013 05:04:36 by "java_re" with unknown MS VC++:1600

time: Tue Sep 17 21:01:09 2013
elapsed time: 0 seconds

